#
# A fatal error has been detected by the Java Runtime Environment:
#
#  EXCEPTION_ACCESS_VIOLATION (0xc0000005) at pc=0x000000006f41d5b3, pid=19192, tid=15072
#
# JRE version: Java(TM) SE Runtime Environment (8.0_91-b14) (build 1.8.0_91-b14)
# Java VM: Java HotSpot(TM) 64-Bit Server VM (25.91-b14 mixed mode windows-amd64 compressed oops)
# Problematic frame:
# V  [jvm.dll+0x13d5b3]
#
# Failed to write core dump. Minidumps are not enabled by default on client versions of Windows
#
# If you would like to submit a bug report, please visit:
#   http://bugreport.java.com/bugreport/crash.jsp
#

---------------  T H R E A D  ---------------

Current thread (0x0000000002dbe800):  JavaThread "main" [_thread_in_vm, id=15072, stack(0x0000000002dc0000,0x0000000002ec0000)]

siginfo: ExceptionCode=0xc0000005, reading address 0x000000037a90cd68

Registers:
RAX=0x0000000000000000, RBX=0x0000000002dbe800, RCX=0x0000000000000003, RDX=0x000000037a90cd00
RSP=0x0000000002ebe9a0, RBP=0x0000000002ebeaf0, RSI=0x0000000002dbe9f8, RDI=0x0000000002dbe800
R8 =0xffff8002c42523b0, R9 =0x00007ffd3bdadc7f, R10=0x000000000000002f, R11=0x000000000000002f
R12=0x0000000000000000, R13=0x0000000000000000, R14=0x0000000002ebed38, R15=0x0000000002ebed08
RIP=0x000000006f41d5b3, EFLAGS=0x0000000000010206

Top of Stack: (sp=0x0000000002ebe9a0)
0x0000000002ebe9a0:   00007ffd3bdadc50 0000000002dbe800
0x0000000002ebe9b0:   0000000002ebeaf0 0000000000000000
0x0000000002ebe9c0:   0000000002dbe800 0000000000000000
0x0000000002ebe9d0:   0000000000000000 0000000000000000
0x0000000002ebe9e0:   0000000017f79d10 00007ffd3bd868f4
0x0000000002ebe9f0:   0000000002dbe9f8 0000000002ebeaf0
0x0000000002ebea00:   0000000002dbe800 00000000030212e0
0x0000000002ebea10:   0000000000000000 00000000030213d7
0x0000000002ebea20:   00000000030216e0 0000000000000000
0x0000000002ebea30:   0000000000000000 0000000000000000
0x0000000002ebea40:   00000000030212e0 0000000002010000
0x0000000002ebea50:   0000000000000000 0000000000000000
0x0000000002ebea60:   0000000000000000 0000000000000000
0x0000000002ebea70:   0000000000000000 0000000000000000
0x0000000002ebea80:   0000000000000000 0000000002ebed40
0x0000000002ebea90:   0000000002ebed20 0000000002ebed08 

Instructions: (pc=0x000000006f41d5b3)
0x000000006f41d593:   00 00 48 8b 17 74 15 8b 52 08 8b 0d fd a1 65 00
0x000000006f41d5a3:   48 d3 e2 48 03 15 eb a1 65 00 eb 04 48 8b 52 08
0x000000006f41d5b3:   48 8b 52 68 48 8b ce e8 a1 77 0d 00 48 83 7c 24
0x000000006f41d5c3:   28 00 48 8b f0 74 0a 48 8d 4c 24 20 e8 fc c6 13 


Register to memory mapping:

RAX=0x0000000000000000 is an unknown value
RBX=0x0000000002dbe800 is a thread
RCX=0x0000000000000003 is an unknown value
RDX=0x000000037a90cd00 is an unknown value
RSP=0x0000000002ebe9a0 is pointing into the stack for thread: 0x0000000002dbe800
RBP=0x0000000002ebeaf0 is pointing into the stack for thread: 0x0000000002dbe800
RSI=0x0000000002dbe9f8 is an unknown value
RDI=0x0000000002dbe800 is a thread
R8 =0xffff8002c42523b0 is an unknown value
R9 =0x00007ffd3bdadc7f is an unknown value
R10=0x000000000000002f is an unknown value
R11=0x000000000000002f is an unknown value
R12=0x0000000000000000 is an unknown value
R13=0x0000000000000000 is an unknown value
R14=0x0000000002ebed38 is pointing into the stack for thread: 0x0000000002dbe800
R15=0x0000000002ebed08 is pointing into the stack for thread: 0x0000000002dbe800


Stack: [0x0000000002dc0000,0x0000000002ec0000],  sp=0x0000000002ebe9a0,  free space=1018k
Native frames: (J=compiled Java code, j=interpreted, Vv=VM code, C=native code)
V  [jvm.dll+0x13d5b3]
C  [sqljdbc_auth.dll+0x68f4]
C  0x0000000002fd7f54

Java frames: (J=compiled Java code, j=interpreted, Vv=VM code)
j  com.microsoft.sqlserver.jdbc.AuthenticationJNI.SNISecGenClientContext([B[I[BI[B[I[ZLjava/lang/String;Ljava/lang/String;Ljava/lang/String;Ljava/util/logging/Logger;)I+0
j  com.microsoft.sqlserver.jdbc.AuthenticationJNI.GenerateClientContext([BI[B[I[Z)I+24
j  com.microsoft.sqlserver.jdbc.SQLServerConnection.SSPIData([B[B[I[ZLcom/microsoft/sqlserver/jdbc/AuthenticationJNI;)V+13
j  com.microsoft.sqlserver.jdbc.SQLServerConnection.sendLogon(Lcom/microsoft/sqlserver/jdbc/SQLServerConnection$LogonCommand;Lcom/microsoft/sqlserver/jdbc/AuthenticationJNI;)V+155
j  com.microsoft.sqlserver.jdbc.SQLServerConnection.logon(Lcom/microsoft/sqlserver/jdbc/SQLServerConnection$LogonCommand;)V+20
j  com.microsoft.sqlserver.jdbc.SQLServerConnection.access$000(Lcom/microsoft/sqlserver/jdbc/SQLServerConnection;Lcom/microsoft/sqlserver/jdbc/SQLServerConnection$LogonCommand;)V+2
j  com.microsoft.sqlserver.jdbc.SQLServerConnection$LogonCommand.doExecute()Z+5
j  com.microsoft.sqlserver.jdbc.TDSCommand.execute(Lcom/microsoft/sqlserver/jdbc/TDSWriter;Lcom/microsoft/sqlserver/jdbc/TDSReader;)Z+30
j  com.microsoft.sqlserver.jdbc.SQLServerConnection.executeCommand(Lcom/microsoft/sqlserver/jdbc/TDSCommand;)Z+45
j  com.microsoft.sqlserver.jdbc.SQLServerConnection.connectHelper(Lcom/microsoft/sqlserver/jdbc/ServerPortPlaceHolder;II)V+284
j  com.microsoft.sqlserver.jdbc.SQLServerConnection.login(Ljava/lang/String;Ljava/lang/String;ILjava/lang/String;Lcom/microsoft/sqlserver/jdbc/FailoverInfo;IJ)V+399
j  com.microsoft.sqlserver.jdbc.SQLServerConnection.connect(Ljava/util/Properties;Lcom/microsoft/sqlserver/jdbc/SQLServerPooledConnection;)Ljava/sql/Connection;+1929
j  com.microsoft.sqlserver.jdbc.SQLServerDriver.connect(Ljava/lang/String;Ljava/util/Properties;)Ljava/sql/Connection;+45
j  java.sql.DriverManager.getConnection(Ljava/lang/String;Ljava/util/Properties;Ljava/lang/Class;)Ljava/sql/Connection;+171
j  java.sql.DriverManager.getConnection(Ljava/lang/String;Ljava/lang/String;Ljava/lang/String;)Ljava/sql/Connection;+37
j  windowsRemote.remotecall.main([Ljava/lang/String;)V+26
v  ~StubRoutines::call_stub

---------------  P R O C E S S  ---------------

Java Threads: ( => current thread )
  0x0000000019ec5000 JavaThread "Service Thread" daemon [_thread_blocked, id=6724, stack(0x000000001aa60000,0x000000001ab60000)]
  0x0000000019eaa800 JavaThread "C1 CompilerThread3" daemon [_thread_blocked, id=15856, stack(0x000000001a960000,0x000000001aa60000)]
  0x0000000019ea5000 JavaThread "C2 CompilerThread2" daemon [_thread_blocked, id=18680, stack(0x000000001a860000,0x000000001a960000)]
  0x0000000019ea1000 JavaThread "C2 CompilerThread1" daemon [_thread_blocked, id=6500, stack(0x000000001a760000,0x000000001a860000)]
  0x0000000019e9b000 JavaThread "C2 CompilerThread0" daemon [_thread_blocked, id=19320, stack(0x000000001a660000,0x000000001a760000)]
  0x0000000019e99000 JavaThread "Attach Listener" daemon [_thread_blocked, id=13964, stack(0x000000001a560000,0x000000001a660000)]
  0x0000000019e98800 JavaThread "Signal Dispatcher" daemon [_thread_blocked, id=19028, stack(0x000000001a460000,0x000000001a560000)]
  0x0000000019e90800 JavaThread "Finalizer" daemon [_thread_blocked, id=19392, stack(0x000000001a270000,0x000000001a370000)]
  0x0000000002fb7000 JavaThread "Reference Handler" daemon [_thread_blocked, id=17260, stack(0x0000000019d70000,0x0000000019e70000)]
=>0x0000000002dbe800 JavaThread "main" [_thread_in_vm, id=15072, stack(0x0000000002dc0000,0x0000000002ec0000)]

Other Threads:
  0x0000000017f79000 VMThread [stack: 0x0000000019c70000,0x0000000019d70000] [id=16604]
  0x0000000019f5a000 WatcherThread [stack: 0x000000001ab60000,0x000000001ac60000] [id=5384]

VM state:not at safepoint (normal execution)

VM Mutex/Monitor currently owned by a thread: None

Heap:
 PSYoungGen      total 38400K, used 15394K [0x00000000d5c00000, 0x00000000d8680000, 0x0000000100000000)
  eden space 33280K, 46% used [0x00000000d5c00000,0x00000000d6b08a48,0x00000000d7c80000)
  from space 5120K, 0% used [0x00000000d8180000,0x00000000d8180000,0x00000000d8680000)
  to   space 5120K, 0% used [0x00000000d7c80000,0x00000000d7c80000,0x00000000d8180000)
 ParOldGen       total 87552K, used 0K [0x0000000081400000, 0x0000000086980000, 0x00000000d5c00000)
  object space 87552K, 0% used [0x0000000081400000,0x0000000081400000,0x0000000086980000)
 Metaspace       used 8211K, capacity 8460K, committed 8704K, reserved 1056768K
  class space    used 892K, capacity 962K, committed 1024K, reserved 1048576K

Card table byte_map: [0x0000000012380000,0x0000000012780000] byte_map_base: 0x0000000011f76000

Marking Bits: (ParMarkBitMap*) 0x000000006faf2f70
 Begin Bits: [0x0000000013230000, 0x00000000151e0000)
 End Bits:   [0x00000000151e0000, 0x0000000017190000)

Polling page: 0x0000000002cb0000

CodeCache: size=245760Kb used=2682Kb max_used=2682Kb free=243077Kb
 bounds [0x0000000002fc0000, 0x0000000003270000, 0x0000000011fc0000]
 total_blobs=1089 nmethods=751 adapters=251
 compilation: enabled

Compilation events (10 events):
Event: 0.676 Thread 0x0000000019eaa800 nmethod 743 0x000000000325e190 code [0x000000000325e380, 0x000000000325eaa8]
Event: 0.676 Thread 0x0000000019eaa800  748       3       sun.security.provider.DigestBase::engineDigest (112 bytes)
Event: 0.676 Thread 0x0000000019ea5000 nmethod 747 0x000000000325df90 code [0x000000000325e0c0, 0x000000000325e138]
Event: 0.677 Thread 0x0000000019eaa800 nmethod 748 0x000000000325ba50 code [0x000000000325bcc0, 0x000000000325cd58]
Event: 0.677 Thread 0x0000000019eaa800  749       3       java.util.ArrayList$Itr::next (66 bytes)
Event: 0.678 Thread 0x0000000019eaa800 nmethod 749 0x000000000325b190 code [0x000000000325b340, 0x000000000325b7e8]
Event: 0.678 Thread 0x0000000019eaa800  750       3       java.util.ArrayList$Itr::checkForComodification (23 bytes)
Event: 0.678 Thread 0x0000000019eaa800 nmethod 750 0x000000000325d810 code [0x000000000325d980, 0x000000000325dba8]
Event: 0.682 Thread 0x0000000019eaa800  751       3       java.nio.charset.Charset::atBugLevel (44 bytes)
Event: 0.682 Thread 0x0000000019eaa800 nmethod 751 0x000000000325fd90 code [0x000000000325ff40, 0x00000000032604d8]

GC Heap History (0 events):
No events

Deoptimization events (1 events):
Event: 0.351 Thread 0x0000000002dbe800 Uncommon trap: reason=unstable_if action=reinterpret pc=0x000000000315e31c method=java.lang.CharacterDataLatin1.digit(II)I @ 82

Internal exceptions (8 events):
Event: 0.033 Thread 0x0000000002dbe800 Exception <a 'java/lang/NoSuchMethodError': Method sun.misc.Unsafe.defineClass(Ljava/lang/String;[BII)Ljava/lang/Class; name or signature does not match> (0x00000000d5c07cc0) thrown at [C:\re\workspace\8-2-build-windows-amd64-cygwin\jdk8u91\6644\hotspot\srŒzT®í¡?
Event: 0.033 Thread 0x0000000002dbe800 Exception <a 'java/lang/NoSuchMethodError': Method sun.misc.Unsafe.prefetchRead(Ljava/lang/Object;J)V name or signature does not match> (0x00000000d5c07fa8) thrown at [C:\re\workspace\8-2-build-windows-amd64-cygwin\jdk8u91\6644\hotspot\src\share\vm\prims\j[»Ñ%•È?
Event: 0.192 Thread 0x0000000002dbe800 Exception <a 'java/security/PrivilegedActionException'> (0x00000000d5e9fb58) thrown at [C:\re\workspace\8-2-build-windows-amd64-cygwin\jdk8u91\6644\hotspot\src\share\vm\prims\jvm.cpp, line 1386]
Event: 0.192 Thread 0x0000000002dbe800 Exception <a 'java/security/PrivilegedActionException'> (0x00000000d5e9fd68) thrown at [C:\re\workspace\8-2-build-windows-amd64-cygwin\jdk8u91\6644\hotspot\src\share\vm\prims\jvm.cpp, line 1386]
Event: 0.193 Thread 0x0000000002dbe800 Exception <a 'java/security/PrivilegedActionException'> (0x00000000d5ea3bb0) thrown at [C:\re\workspace\8-2-build-windows-amd64-cygwin\jdk8u91\6644\hotspot\src\share\vm\prims\jvm.cpp, line 1386]
Event: 0.193 Thread 0x0000000002dbe800 Exception <a 'java/security/PrivilegedActionException'> (0x00000000d5ea3dc0) thrown at [C:\re\workspace\8-2-build-windows-amd64-cygwin\jdk8u91\6644\hotspot\src\share\vm\prims\jvm.cpp, line 1386]
Event: 0.337 Thread 0x0000000002dbe800 Exception <a 'java/lang/NoSuchFieldError': method resolution failed> (0x00000000d61b9fd0) thrown at [C:\re\workspace\8-2-build-windows-amd64-cygwin\jdk8u91\6644\hotspot\src\share\vm\prims\methodHandles.cpp, line 1146]
Event: 0.339 Thread 0x0000000002dbe800 Exception <a 'java/lang/NoSuchFieldError': method resolution failed> (0x00000000d61c7740) thrown at [C:\re\workspace\8-2-build-windows-amd64-cygwin\jdk8u91\6644\hotspot\src\share\vm\prims\methodHandles.cpp, line 1146]

Events (10 events):
Event: 0.678 loading class javax/crypto/MacSpi
Event: 0.679 loading class javax/crypto/MacSpi done
Event: 0.680 loading class sun/security/ssl/CipherBox$1
Event: 0.680 loading class sun/security/ssl/CipherBox$1 done
Event: 0.681 loading class java/lang/StrictMath
Event: 0.681 loading class java/lang/StrictMath done
Event: 0.682 loading class com/microsoft/sqlserver/jdbc/AuthenticationJNI
Event: 0.682 loading class com/microsoft/sqlserver/jdbc/AuthenticationJNI done
Event: 0.682 loading class java/lang/ClassLoaderHelper
Event: 0.682 loading class java/lang/ClassLoaderHelper done


Dynamic libraries:
0x00007ff6634f0000 - 0x00007ff663527000 	C:\Program Files\Java\jdk1.8.0_91\bin\javaw.exe
0x00007ffd552a0000 - 0x00007ffd55471000 	C:\WINDOWS\SYSTEM32\ntdll.dll
0x00007ffd545d0000 - 0x00007ffd5467b000 	C:\WINDOWS\System32\KERNEL32.DLL
0x00007ffd51db0000 - 0x00007ffd51fcd000 	C:\WINDOWS\System32\KERNELBASE.dll
0x00007ffd54860000 - 0x00007ffd54902000 	C:\WINDOWS\System32\ADVAPI32.dll
0x00007ffd54910000 - 0x00007ffd549ae000 	C:\WINDOWS\System32\msvcrt.dll
0x00007ffd550a0000 - 0x00007ffd550f9000 	C:\WINDOWS\System32\sechost.dll
0x00007ffd54c40000 - 0x00007ffd54d61000 	C:\WINDOWS\System32\RPCRT4.dll
0x00007ffd546f0000 - 0x00007ffd54855000 	C:\WINDOWS\System32\USER32.dll
0x00007ffd52810000 - 0x00007ffd5282e000 	C:\WINDOWS\System32\win32u.dll
0x00007ffd54bd0000 - 0x00007ffd54c04000 	C:\WINDOWS\System32\GDI32.dll
0x00007ffd51b10000 - 0x00007ffd51c92000 	C:\WINDOWS\System32\gdi32full.dll
0x00007ffd4d630000 - 0x00007ffd4d8aa000 	C:\WINDOWS\WinSxS\amd64_microsoft.windows.common-controls_6595b64144ccf1df_6.0.14393.351_none_4213128bc687e6d3\COMCTL32.dll
0x00007ffd54dd0000 - 0x00007ffd55097000 	C:\WINDOWS\System32\combase.dll
0x00007ffd51a10000 - 0x00007ffd51b05000 	C:\WINDOWS\System32\ucrtbase.dll
0x00007ffd51d40000 - 0x00007ffd51daa000 	C:\WINDOWS\System32\bcryptPrimitives.dll
0x00007ffd540a0000 - 0x00007ffd540ce000 	C:\WINDOWS\System32\IMM32.DLL
0x000000006e140000 - 0x000000006e212000 	C:\Program Files\Java\jdk1.8.0_91\jre\bin\msvcr100.dll
0x000000006f2e0000 - 0x000000006fb73000 	C:\Program Files\Java\jdk1.8.0_91\jre\bin\server\jvm.dll
0x00007ffd54500000 - 0x00007ffd54508000 	C:\WINDOWS\System32\PSAPI.DLL
0x00007ffd4d620000 - 0x00007ffd4d62a000 	C:\WINDOWS\SYSTEM32\VERSION.dll
0x00007ffd4d3d0000 - 0x00007ffd4d3f3000 	C:\WINDOWS\SYSTEM32\WINMM.dll
0x00007ffd44300000 - 0x00007ffd44309000 	C:\WINDOWS\SYSTEM32\WSOCK32.dll
0x00007ffd54b60000 - 0x00007ffd54bca000 	C:\WINDOWS\System32\WS2_32.dll
0x00007ffd4d280000 - 0x00007ffd4d2ab000 	C:\WINDOWS\SYSTEM32\WINMMBASE.dll
0x00007ffd519c0000 - 0x00007ffd51a02000 	C:\WINDOWS\System32\cfgmgr32.dll
0x00000000704f0000 - 0x00000000704ff000 	C:\Program Files\Java\jdk1.8.0_91\jre\bin\verify.dll
0x00000000704c0000 - 0x00000000704e9000 	C:\Program Files\Java\jdk1.8.0_91\jre\bin\java.dll
0x00000000704a0000 - 0x00000000704b6000 	C:\Program Files\Java\jdk1.8.0_91\jre\bin\zip.dll
0x00007ffd52830000 - 0x00007ffd53d39000 	C:\WINDOWS\System32\SHELL32.dll
0x00007ffd52080000 - 0x00007ffd5275a000 	C:\WINDOWS\System32\windows.storage.dll
0x00007ffd51710000 - 0x00007ffd5175c000 	C:\WINDOWS\System32\powrprof.dll
0x00007ffd54d70000 - 0x00007ffd54dc2000 	C:\WINDOWS\System32\shlwapi.dll
0x00007ffd51780000 - 0x00007ffd5178f000 	C:\WINDOWS\System32\kernel.appcore.dll
0x00007ffd52760000 - 0x00007ffd52809000 	C:\WINDOWS\System32\shcore.dll
0x00007ffd51760000 - 0x00007ffd51774000 	C:\WINDOWS\System32\profapi.dll
0x0000000070480000 - 0x000000007049a000 	C:\Program Files\Java\jdk1.8.0_91\jre\bin\net.dll
0x00007ffd50ed0000 - 0x00007ffd50f2c000 	C:\WINDOWS\system32\mswsock.dll
0x00007ffd50ca0000 - 0x00007ffd50d40000 	C:\WINDOWS\SYSTEM32\DNSAPI.dll
0x00007ffd54c30000 - 0x00007ffd54c38000 	C:\WINDOWS\System32\NSI.dll
0x00007ffd50c60000 - 0x00007ffd50c98000 	C:\WINDOWS\SYSTEM32\IPHLPAPI.DLL
0x00007ffd48700000 - 0x00007ffd4870a000 	C:\Windows\System32\rasadhlp.dll
0x00007ffd4a6e0000 - 0x00007ffd4a74a000 	C:\WINDOWS\System32\fwpuclnt.dll
0x00007ffd51640000 - 0x00007ffd5166b000 	C:\WINDOWS\SYSTEM32\bcrypt.dll
0x0000000070430000 - 0x0000000070454000 	C:\Program Files\Java\jdk1.8.0_91\jre\bin\sunec.dll
0x00007ffd51170000 - 0x00007ffd51187000 	C:\WINDOWS\SYSTEM32\CRYPTSP.dll
0x00007ffd51050000 - 0x00007ffd51083000 	C:\WINDOWS\system32\rsaenh.dll
0x00007ffd50d50000 - 0x00007ffd50d6f000 	C:\WINDOWS\SYSTEM32\USERENV.dll
0x00007ffd51190000 - 0x00007ffd5119b000 	C:\WINDOWS\SYSTEM32\CRYPTBASE.dll
0x00007ffd4bd90000 - 0x00007ffd4bda6000 	C:\WINDOWS\SYSTEM32\dhcpcsvc6.DLL
0x00007ffd4bd70000 - 0x00007ffd4bd8a000 	C:\WINDOWS\SYSTEM32\dhcpcsvc.DLL
0x0000000070460000 - 0x0000000070471000 	C:\Program Files\Java\jdk1.8.0_91\jre\bin\nio.dll
0x00007ffd44140000 - 0x00007ffd44156000 	C:\WINDOWS\system32\napinsp.dll
0x00007ffd402c0000 - 0x00007ffd402da000 	C:\WINDOWS\system32\pnrpnsp.dll
0x00007ffd4c9f0000 - 0x00007ffd4ca08000 	C:\WINDOWS\system32\NLAapi.dll
0x00007ffd4e3a0000 - 0x00007ffd4e3ae000 	C:\WINDOWS\System32\winrnr.dll
0x00007ffd3bd80000 - 0x00007ffd3bdce000 	C:\Windows\System32\sqljdbc_auth.dll
0x00007ffd53d40000 - 0x00007ffd53e77000 	C:\WINDOWS\System32\ole32.dll
0x00007ffd517f0000 - 0x00007ffd519b9000 	C:\WINDOWS\System32\CRYPT32.dll
0x00007ffd51700000 - 0x00007ffd51710000 	C:\WINDOWS\System32\MSASN1.dll
0x00007ffd4f690000 - 0x00007ffd4f69c000 	C:\WINDOWS\system32\secur32.dll
0x00007ffd51370000 - 0x00007ffd5139c000 	C:\WINDOWS\SYSTEM32\SSPICLI.DLL
0x00007ffd50f60000 - 0x00007ffd51050000 	C:\WINDOWS\system32\kerberos.DLL
0x00007ffd50e60000 - 0x00007ffd50ec7000 	C:\WINDOWS\system32\msv1_0.DLL
0x00007ffd50e50000 - 0x00007ffd50e5c000 	C:\WINDOWS\SYSTEM32\NtlmShared.dll
0x00007ffd510d0000 - 0x00007ffd510e5000 	C:\WINDOWS\SYSTEM32\cryptdll.dll
0x00007ffd3bf80000 - 0x00007ffd3bfa9000 	C:\WINDOWS\system32\ntdsapi.dll
0x00007ffd4ba00000 - 0x00007ffd4bb92000 	C:\WINDOWS\SYSTEM32\dbghelp.dll

VM Arguments:
jvm_args: -Dfile.encoding=Cp1252 
java_command: windowsRemote.remotecall
java_class_path (initial): F:\Java_workspace\windowsRemote\bin;F:\Java_workspace\windowsRemote\jcifs-1.3.18.jar;F:\Java_workspace\windowsRemote\dnsjava-2.0.0.jar;F:\Java_workspace\windowsRemote\sqljdbc4-2.0.jar
Launcher Type: SUN_STANDARD

Environment Variables:
JAVA_HOME=C:\Program Files\Java\jdk1.8.0_91
USERNAME=SHAHZAD
OS=Windows_NT
PROCESSOR_IDENTIFIER=Intel64 Family 6 Model 60 Stepping 3, GenuineIntel



---------------  S Y S T E M  ---------------

OS: Windows 10.0 , 64 bit Build 14393 (10.0.14393.0)

CPU:total 8 (4 cores per cpu, 2 threads per core) family 6 model 60 stepping 3, cmov, cx8, fxsr, mmx, sse, sse2, sse3, ssse3, sse4.1, sse4.2, popcnt, avx, avx2, aes, clmul, erms, lzcnt, ht, tsc, tscinvbit, bmi1, bmi2

Memory: 4k page, physical 8298776k(1175792k free), swap 13705248k(1534720k free)

vm_info: Java HotSpot(TM) 64-Bit Server VM (25.91-b14) for windows-amd64 JRE (1.8.0_91-b14), built on Apr  1 2016 00:58:32 by "java_re" with MS VC++ 10.0 (VS2010)

time: Sun Nov 06 17:13:36 2016
elapsed time: 0 seconds (0d 0h 0m 0s)

